<?xml version="1.0" encoding="UTF-8"?>
<testng-results ignored="0" total="14" passed="14" failed="0" skipped="0">
  <reporter-output>
  </reporter-output>
  <suite started-at="2022-06-23T16:03:18 IST" name="Default suite" finished-at="2022-06-23T16:03:19 IST" duration-ms="1093">
    <groups>
      <group name="cucumber">
        <method signature="AbstractTestNGCucumberTests.runScenario(io.cucumber.testng.PickleWrapper,io.cucumber.testng.FeatureWrapper)[pri:0, instance:runner.TestRunner@4d0f2471]" name="runScenario" class="io.cucumber.testng.AbstractTestNGCucumberTests"/>
      </group> <!-- cucumber -->
    </groups>
    <test started-at="2022-06-23T16:03:18 IST" name="Default test" finished-at="2022-06-23T16:03:19 IST" duration-ms="1093">
      <class name="runner.TestRunner">
        <test-method is-config="true" signature="setUpClass(org.testng.ITestContext)[pri:0, instance:runner.TestRunner@4d0f2471]" started-at="2022-06-23T16:03:18 IST" name="setUpClass" finished-at="2022-06-23T16:03:18 IST" duration-ms="545" status="PASS">
          <params>
            <param index="0">
              <value>
                <![CDATA[org.testng.TestRunner@497570fb]]>
              </value>
            </param>
          </params>
          <reporter-output>
          </reporter-output>
        </test-method> <!-- setUpClass -->
        <test-method signature="runScenario(io.cucumber.testng.PickleWrapper,io.cucumber.testng.FeatureWrapper)[pri:0, instance:runner.TestRunner@4d0f2471]" started-at="2022-06-23T16:03:18 IST" name="runScenario" description="Runs Cucumber Scenarios" data-provider="scenarios" finished-at="2022-06-23T16:03:18 IST" duration-ms="82" status="PASS">
          <params>
            <param index="0">
              <value>
                <![CDATA["Login with valid user"]]>
              </value>
            </param>
            <param index="1">
              <value>
                <![CDATA["Login feature with valid and invalid users"]]>
              </value>
            </param>
          </params>
          <reporter-output>
          </reporter-output>
        </test-method> <!-- runScenario -->
        <test-method signature="runScenario(io.cucumber.testng.PickleWrapper,io.cucumber.testng.FeatureWrapper)[pri:0, instance:runner.TestRunner@4d0f2471]" started-at="2022-06-23T16:03:18 IST" name="runScenario" description="Runs Cucumber Scenarios" data-provider="scenarios" finished-at="2022-06-23T16:03:18 IST" duration-ms="11" status="PASS">
          <params>
            <param index="0">
              <value>
                <![CDATA["Login with invalid user"]]>
              </value>
            </param>
            <param index="1">
              <value>
                <![CDATA["Login feature with valid and invalid users"]]>
              </value>
            </param>
          </params>
          <reporter-output>
          </reporter-output>
        </test-method> <!-- runScenario -->
        <test-method signature="runScenario(io.cucumber.testng.PickleWrapper,io.cucumber.testng.FeatureWrapper)[pri:0, instance:runner.TestRunner@4d0f2471]" started-at="2022-06-23T16:03:18 IST" name="runScenario" description="Runs Cucumber Scenarios" data-provider="scenarios" finished-at="2022-06-23T16:03:18 IST" duration-ms="28" status="PASS">
          <params>
            <param index="0">
              <value>
                <![CDATA["User sign up"]]>
              </value>
            </param>
            <param index="1">
              <value>
                <![CDATA["Login feature with valid and invalid users"]]>
              </value>
            </param>
          </params>
          <reporter-output>
          </reporter-output>
        </test-method> <!-- runScenario -->
        <test-method signature="runScenario(io.cucumber.testng.PickleWrapper,io.cucumber.testng.FeatureWrapper)[pri:0, instance:runner.TestRunner@4d0f2471]" started-at="2022-06-23T16:03:18 IST" name="runScenario" description="Runs Cucumber Scenarios" data-provider="scenarios" finished-at="2022-06-23T16:03:18 IST" duration-ms="13" status="PASS">
          <params>
            <param index="0">
              <value>
                <![CDATA["Login with valid user"]]>
              </value>
            </param>
            <param index="1">
              <value>
                <![CDATA["Login feature with valid and invalid users"]]>
              </value>
            </param>
          </params>
          <reporter-output>
          </reporter-output>
        </test-method> <!-- runScenario -->
        <test-method signature="runScenario(io.cucumber.testng.PickleWrapper,io.cucumber.testng.FeatureWrapper)[pri:0, instance:runner.TestRunner@4d0f2471]" started-at="2022-06-23T16:03:18 IST" name="runScenario" description="Runs Cucumber Scenarios" data-provider="scenarios" finished-at="2022-06-23T16:03:18 IST" duration-ms="9" status="PASS">
          <params>
            <param index="0">
              <value>
                <![CDATA["Login with valid user"]]>
              </value>
            </param>
            <param index="1">
              <value>
                <![CDATA["Login feature with valid and invalid users"]]>
              </value>
            </param>
          </params>
          <reporter-output>
          </reporter-output>
        </test-method> <!-- runScenario -->
        <test-method signature="runScenario(io.cucumber.testng.PickleWrapper,io.cucumber.testng.FeatureWrapper)[pri:0, instance:runner.TestRunner@4d0f2471]" started-at="2022-06-23T16:03:18 IST" name="runScenario" description="Runs Cucumber Scenarios" data-provider="scenarios" finished-at="2022-06-23T16:03:18 IST" duration-ms="12" status="PASS">
          <params>
            <param index="0">
              <value>
                <![CDATA["Login with valid user"]]>
              </value>
            </param>
            <param index="1">
              <value>
                <![CDATA["Login feature with valid and invalid users"]]>
              </value>
            </param>
          </params>
          <reporter-output>
          </reporter-output>
        </test-method> <!-- runScenario -->
        <test-method signature="runScenario(io.cucumber.testng.PickleWrapper,io.cucumber.testng.FeatureWrapper)[pri:0, instance:runner.TestRunner@4d0f2471]" started-at="2022-06-23T16:03:18 IST" name="runScenario" description="Runs Cucumber Scenarios" data-provider="scenarios" finished-at="2022-06-23T16:03:18 IST" duration-ms="11" status="PASS">
          <params>
            <param index="0">
              <value>
                <![CDATA["Login with valid user"]]>
              </value>
            </param>
            <param index="1">
              <value>
                <![CDATA["Login feature with valid and invalid users"]]>
              </value>
            </param>
          </params>
          <reporter-output>
          </reporter-output>
        </test-method> <!-- runScenario -->
        <test-method signature="runScenario(io.cucumber.testng.PickleWrapper,io.cucumber.testng.FeatureWrapper)[pri:0, instance:runner.TestRunner@4d0f2471]" started-at="2022-06-23T16:03:18 IST" name="runScenario" description="Runs Cucumber Scenarios" data-provider="scenarios" finished-at="2022-06-23T16:03:18 IST" duration-ms="17" status="PASS">
          <params>
            <param index="0">
              <value>
                <![CDATA["Login with valid user"]]>
              </value>
            </param>
            <param index="1">
              <value>
                <![CDATA["Login feature with valid and invalid users"]]>
              </value>
            </param>
          </params>
          <reporter-output>
          </reporter-output>
        </test-method> <!-- runScenario -->
        <test-method signature="runScenario(io.cucumber.testng.PickleWrapper,io.cucumber.testng.FeatureWrapper)[pri:0, instance:runner.TestRunner@4d0f2471]" started-at="2022-06-23T16:03:18 IST" name="runScenario" description="Runs Cucumber Scenarios" data-provider="scenarios" finished-at="2022-06-23T16:03:18 IST" duration-ms="15" status="PASS">
          <params>
            <param index="0">
              <value>
                <![CDATA["Login with invalid user"]]>
              </value>
            </param>
            <param index="1">
              <value>
                <![CDATA["Login feature with valid and invalid users"]]>
              </value>
            </param>
          </params>
          <reporter-output>
          </reporter-output>
        </test-method> <!-- runScenario -->
        <test-method signature="runScenario(io.cucumber.testng.PickleWrapper,io.cucumber.testng.FeatureWrapper)[pri:0, instance:runner.TestRunner@4d0f2471]" started-at="2022-06-23T16:03:18 IST" name="runScenario" description="Runs Cucumber Scenarios" data-provider="scenarios" finished-at="2022-06-23T16:03:19 IST" duration-ms="13" status="PASS">
          <params>
            <param index="0">
              <value>
                <![CDATA["User sign up"]]>
              </value>
            </param>
            <param index="1">
              <value>
                <![CDATA["Login feature with valid and invalid users"]]>
              </value>
            </param>
          </params>
          <reporter-output>
          </reporter-output>
        </test-method> <!-- runScenario -->
        <test-method signature="runScenario(io.cucumber.testng.PickleWrapper,io.cucumber.testng.FeatureWrapper)[pri:0, instance:runner.TestRunner@4d0f2471]" started-at="2022-06-23T16:03:19 IST" name="runScenario" description="Runs Cucumber Scenarios" data-provider="scenarios" finished-at="2022-06-23T16:03:19 IST" duration-ms="11" status="PASS">
          <params>
            <param index="0">
              <value>
                <![CDATA["Login with valid user"]]>
              </value>
            </param>
            <param index="1">
              <value>
                <![CDATA["Login feature with valid and invalid users"]]>
              </value>
            </param>
          </params>
          <reporter-output>
          </reporter-output>
        </test-method> <!-- runScenario -->
        <test-method signature="runScenario(io.cucumber.testng.PickleWrapper,io.cucumber.testng.FeatureWrapper)[pri:0, instance:runner.TestRunner@4d0f2471]" started-at="2022-06-23T16:03:19 IST" name="runScenario" description="Runs Cucumber Scenarios" data-provider="scenarios" finished-at="2022-06-23T16:03:19 IST" duration-ms="14" status="PASS">
          <params>
            <param index="0">
              <value>
                <![CDATA["Login with valid user"]]>
              </value>
            </param>
            <param index="1">
              <value>
                <![CDATA["Login feature with valid and invalid users"]]>
              </value>
            </param>
          </params>
          <reporter-output>
          </reporter-output>
        </test-method> <!-- runScenario -->
        <test-method signature="runScenario(io.cucumber.testng.PickleWrapper,io.cucumber.testng.FeatureWrapper)[pri:0, instance:runner.TestRunner@4d0f2471]" started-at="2022-06-23T16:03:19 IST" name="runScenario" description="Runs Cucumber Scenarios" data-provider="scenarios" finished-at="2022-06-23T16:03:19 IST" duration-ms="12" status="PASS">
          <params>
            <param index="0">
              <value>
                <![CDATA["Login with valid user"]]>
              </value>
            </param>
            <param index="1">
              <value>
                <![CDATA["Login feature with valid and invalid users"]]>
              </value>
            </param>
          </params>
          <reporter-output>
          </reporter-output>
        </test-method> <!-- runScenario -->
        <test-method signature="runScenario(io.cucumber.testng.PickleWrapper,io.cucumber.testng.FeatureWrapper)[pri:0, instance:runner.TestRunner@4d0f2471]" started-at="2022-06-23T16:03:19 IST" name="runScenario" description="Runs Cucumber Scenarios" data-provider="scenarios" finished-at="2022-06-23T16:03:19 IST" duration-ms="11" status="PASS">
          <params>
            <param index="0">
              <value>
                <![CDATA["Login with valid user"]]>
              </value>
            </param>
            <param index="1">
              <value>
                <![CDATA["Login feature with valid and invalid users"]]>
              </value>
            </param>
          </params>
          <reporter-output>
          </reporter-output>
        </test-method> <!-- runScenario -->
        <test-method is-config="true" signature="tearDownClass()[pri:0, instance:runner.TestRunner@4d0f2471]" started-at="2022-06-23T16:03:19 IST" name="tearDownClass" finished-at="2022-06-23T16:03:19 IST" duration-ms="243" status="PASS">
          <reporter-output>
          </reporter-output>
        </test-method> <!-- tearDownClass -->
      </class> <!-- runner.TestRunner -->
    </test> <!-- Default test -->
  </suite> <!-- Default suite -->
</testng-results>
